Flow report for buks
Wed Jul 29 10:59:16 2020
Quartus Prime Version 18.0.0 Build 614 04/24/2018 SJ Standard Edition


---------------------
; Table of Contents ;
---------------------
  1. Legal Notice
  2. Flow Summary
  3. Flow Settings
  4. Flow Non-Default Global Settings
  5. Flow Elapsed Time
  6. Flow OS Summary
  7. Flow Log
  8. Flow Messages
  9. Flow Suppressed Messages



----------------
; Legal Notice ;
----------------
Copyright (C) 2018  Intel Corporation. All rights reserved.
Your use of Intel Corporation's design tools, logic functions 
and other software and tools, and its AMPP partner logic 
functions, and any output files from any of the foregoing 
(including device programming or simulation files), and any 
associated documentation or information are expressly subject 
to the terms and conditions of the Intel Program License 
Subscription Agreement, the Intel Quartus Prime License Agreement,
the Intel FPGA IP License Agreement, or other applicable license
agreement, including, without limitation, that your use is for
the sole purpose of programming logic devices manufactured by
Intel and sold by Intel or its authorized distributors.  Please
refer to the applicable agreement for further details.



+--------------------------------------------------------------------------------------+
; Flow Summary                                                                         ;
+------------------------------------+-------------------------------------------------+
; Flow Status                        ; Successful - Wed Jul 29 10:58:58 2020           ;
; Quartus Prime Version              ; 18.0.0 Build 614 04/24/2018 SJ Standard Edition ;
; Revision Name                      ; buks                                            ;
; Top-level Entity Name              ; buks                                            ;
; Family                             ; MAX 10                                          ;
; Device                             ; 10M25DAF256I7G                                  ;
; Timing Models                      ; Final                                           ;
; Total logic elements               ; 21,325 / 24,960 ( 85 % )                        ;
;     Total combinational functions  ; 16,843 / 24,960 ( 67 % )                        ;
;     Dedicated logic registers      ; 14,804 / 24,960 ( 59 % )                        ;
; Total registers                    ; 14804                                           ;
; Total pins                         ; 43 / 178 ( 24 % )                               ;
; Total virtual pins                 ; 0                                               ;
; Total memory bits                  ; 122,880 / 691,200 ( 18 % )                      ;
; Embedded Multiplier 9-bit elements ; 0 / 110 ( 0 % )                                 ;
; Total PLLs                         ; 1 / 4 ( 25 % )                                  ;
; UFM blocks                         ; 0 / 1 ( 0 % )                                   ;
; ADC blocks                         ; 0 / 2 ( 0 % )                                   ;
+------------------------------------+-------------------------------------------------+


+-----------------------------------------+
; Flow Settings                           ;
+-------------------+---------------------+
; Option            ; Setting             ;
+-------------------+---------------------+
; Start date & time ; 07/29/2020 10:54:02 ;
; Main task         ; Compilation         ;
; Revision Name     ; buks                ;
+-------------------+---------------------+


+-------------------------------------------------------------------------------------------------------------------------+
; Flow Non-Default Global Settings                                                                                        ;
+-------------------------------------+----------------------------------------+---------------+-------------+------------+
; Assignment Name                     ; Value                                  ; Default Value ; Entity Name ; Section Id ;
+-------------------------------------+----------------------------------------+---------------+-------------+------------+
; COMPILER_SIGNATURE_ID               ; 75516609105.159600924215980            ; --            ; --          ; --         ;
; ENABLE_SIGNALTAP                    ; On                                     ; --            ; --          ; --         ;
; MAX_CORE_JUNCTION_TEMP              ; 100                                    ; --            ; --          ; --         ;
; MIN_CORE_JUNCTION_TEMP              ; -40                                    ; --            ; --          ; --         ;
; MISC_FILE                           ; pll_bb.v                               ; --            ; --          ; --         ;
; MISC_FILE                           ; pll.ppf                                ; --            ; --          ; --         ;
; OUTPUT_IO_TIMING_FAR_END_VMEAS      ; Half Signal Swing                      ; --            ; --          ; --         ;
; OUTPUT_IO_TIMING_FAR_END_VMEAS      ; Half Signal Swing                      ; --            ; --          ; --         ;
; OUTPUT_IO_TIMING_NEAR_END_VMEAS     ; Half Vccio                             ; --            ; --          ; --         ;
; OUTPUT_IO_TIMING_NEAR_END_VMEAS     ; Half Vccio                             ; --            ; --          ; --         ;
; PARTITION_COLOR                     ; -- (Not supported for targeted family) ; --            ; --          ; Top        ;
; PARTITION_FITTER_PRESERVATION_LEVEL ; -- (Not supported for targeted family) ; --            ; --          ; Top        ;
; PARTITION_NETLIST_TYPE              ; -- (Not supported for targeted family) ; --            ; --          ; Top        ;
; POWER_BOARD_THERMAL_MODEL           ; None (CONSERVATIVE)                    ; --            ; --          ; --         ;
; POWER_PRESET_COOLING_SOLUTION       ; 23 MM HEAT SINK WITH 200 LFPM AIRFLOW  ; --            ; --          ; --         ;
; PROJECT_OUTPUT_DIRECTORY            ; output_files                           ; --            ; --          ; --         ;
; SLD_FILE                            ; db/stp1_auto_stripped.stp              ; --            ; --          ; --         ;
; USE_SIGNALTAP_FILE                  ; stp1.stp                               ; --            ; --          ; --         ;
; VERILOG_INPUT_VERSION               ; SystemVerilog_2005                     ; Verilog_2001  ; --          ; --         ;
; VERILOG_NON_CONSTANT_LOOP_LIMIT     ; 300                                    ; 250           ; --          ; --         ;
; VERILOG_SHOW_LMF_MAPPING_MESSAGES   ; Off                                    ; --            ; --          ; --         ;
+-------------------------------------+----------------------------------------+---------------+-------------+------------+


+--------------------------------------------------------------------------------------------------------------------------+
; Flow Elapsed Time                                                                                                        ;
+----------------------+--------------+-------------------------+---------------------+------------------------------------+
; Module Name          ; Elapsed Time ; Average Processors Used ; Peak Virtual Memory ; Total CPU Time (on all processors) ;
+----------------------+--------------+-------------------------+---------------------+------------------------------------+
; Analysis & Synthesis ; 00:01:06     ; 1.0                     ; 1153 MB             ; 00:01:20                           ;
; Fitter               ; 00:03:35     ; 1.3                     ; 1880 MB             ; 00:06:05                           ;
; Assembler            ; 00:00:03     ; 1.0                     ; 873 MB              ; 00:00:03                           ;
; Timing Analyzer      ; 00:00:17     ; 2.7                     ; 1028 MB             ; 00:00:32                           ;
; Total                ; 00:05:01     ; --                      ; --                  ; 00:08:00                           ;
+----------------------+--------------+-------------------------+---------------------+------------------------------------+


+--------------------------------------------------------------------------------------+
; Flow OS Summary                                                                      ;
+----------------------+------------------+--------------+------------+----------------+
; Module Name          ; Machine Hostname ; OS Name      ; OS Version ; Processor type ;
+----------------------+------------------+--------------+------------+----------------+
; Analysis & Synthesis ; pc               ; Ubuntu 19.10 ; 19         ; x86_64         ;
; Fitter               ; pc               ; Ubuntu 19.10 ; 19         ; x86_64         ;
; Assembler            ; pc               ; Ubuntu 19.10 ; 19         ; x86_64         ;
; Timing Analyzer      ; pc               ; Ubuntu 19.10 ; 19         ; x86_64         ;
+----------------------+------------------+--------------+------------+----------------+


------------
; Flow Log ;
------------
quartus_map --read_settings_files=on --write_settings_files=off buks -c buks
quartus_fit --read_settings_files=off --write_settings_files=off buks -c buks
quartus_asm --read_settings_files=off --write_settings_files=off buks -c buks
quartus_sta buks -c buks



